[debug] [2021-02-12T22:50:55.931Z] ----------------------------------------------------------------------
[debug] [2021-02-12T22:50:55.933Z] Command:       C:\Program Files\nodejs\node.exe C:\Users\Fabian\AppData\Roaming\npm\node_modules\firebase-tools\lib\bin\firebase.js emulators:start --only functions
[debug] [2021-02-12T22:50:55.933Z] CLI Version:   9.3.0
[debug] [2021-02-12T22:50:55.933Z] Platform:      win32
[debug] [2021-02-12T22:50:55.933Z] Node Version:  v14.15.4
[debug] [2021-02-12T22:50:55.934Z] Time:          Fri Feb 12 2021 18:50:55 GMT-0400 (Atlantic Standard Time)
[debug] [2021-02-12T22:50:55.934Z] ----------------------------------------------------------------------
[debug] [2021-02-12T22:50:55.934Z] 
[debug] [2021-02-12T22:50:55.940Z] > command requires scopes: ["email","openid","https://www.googleapis.com/auth/cloudplatformprojects.readonly","https://www.googleapis.com/auth/firebase","https://www.googleapis.com/auth/cloud-platform"]
[debug] [2021-02-12T22:50:55.940Z] > authorizing via signed-in user
[info] i  emulators: Starting emulators: functions {"metadata":{"emulator":{"name":"hub"},"message":"Starting emulators: functions"}}
[debug] [2021-02-12T22:50:55.956Z] [hub] writing locator at C:\Users\Fabian\AppData\Local\Temp\hub-pagueporver.json
[warn] !  functions: The following emulators are not running, calls to these services from the Functions emulator will affect production: auth, firestore, database, hosting, pubsub {"metadata":{"emulator":{"name":"functions"},"message":"The following emulators are not running, calls to these services from the Functions emulator will affect production: \u001b[1mauth, firestore, database, hosting, pubsub\u001b[22m"}}
[warn] !  Your requested "node" version "12" doesn't match your global version "14" {"metadata":{"emulator":{"name":"functions"},"message":"Your requested \"node\" version \"12\" doesn't match your global version \"14\""}}
[debug] [2021-02-12T22:50:55.983Z] defaultcredentials: writing to file C:\Users\Fabian\AppData\Roaming\firebase\ingjohnson7_gmail_com_application_default_credentials.json
[debug] [2021-02-12T22:50:55.985Z] Setting GAC to C:\Users\Fabian\AppData\Roaming\firebase\ingjohnson7_gmail_com_application_default_credentials.json {"metadata":{"emulator":{"name":"functions"},"message":"Setting GAC to C:\\Users\\Fabian\\AppData\\Roaming\\firebase\\ingjohnson7_gmail_com_application_default_credentials.json"}}
[debug] [2021-02-12T22:50:55.986Z] >>> [apiv2][query] GET https://firebase.googleapis.com/v1beta1/projects/pagueporver/adminSdkConfig [none]
[debug] [2021-02-12T22:50:56.284Z] <<< [apiv2][status] GET https://firebase.googleapis.com/v1beta1/projects/pagueporver/adminSdkConfig 200
[debug] [2021-02-12T22:50:56.284Z] <<< [apiv2][body] GET https://firebase.googleapis.com/v1beta1/projects/pagueporver/adminSdkConfig {"projectId":"pagueporver","storageBucket":"pagueporver.appspot.com","locationId":"us-central"}
[debug] [2021-02-12T22:50:56.297Z] Ignoring unsupported arg: auto_download {"metadata":{"emulator":{"name":"ui"},"message":"Ignoring unsupported arg: auto_download"}}
[debug] [2021-02-12T22:50:56.297Z] Ignoring unsupported arg: port {"metadata":{"emulator":{"name":"ui"},"message":"Ignoring unsupported arg: port"}}
[debug] [2021-02-12T22:50:56.297Z] Starting Emulator UI with command {"binary":"node","args":["C:\\Users\\Fabian\\.cache\\firebase\\emulators\\ui-v1.4.1\\server.bundle.js"],"optionalArgs":[],"joinArgs":false} {"metadata":{"emulator":{"name":"ui"},"message":"Starting Emulator UI with command {\"binary\":\"node\",\"args\":[\"C:\\\\Users\\\\Fabian\\\\.cache\\\\firebase\\\\emulators\\\\ui-v1.4.1\\\\server.bundle.js\"],\"optionalArgs\":[],\"joinArgs\":false}"}}
[info] i  ui: Emulator UI logging to ui-debug.log {"metadata":{"emulator":{"name":"ui"},"message":"Emulator UI logging to \u001b[1mui-debug.log\u001b[22m"}}
[debug] [2021-02-12T22:50:56.708Z] Web / API server started at http://localhost:4000
 {"metadata":{"emulator":{"name":"ui"},"message":"Web / API server started at http://localhost:4000\n"}}
[info] i  functions: Watching "C:\Users\Fabian\Desktop\Work\url-shortener\functions" for Cloud Functions... {"metadata":{"emulator":{"name":"functions"},"message":"Watching \"C:\\Users\\Fabian\\Desktop\\Work\\url-shortener\\functions\" for Cloud Functions..."}}
[debug] [2021-02-12T22:50:57.219Z] [worker-pool] addWorker(~diagnostic~) {"metadata":{"emulator":{"name":"functions"},"message":"[worker-pool] addWorker(~diagnostic~)"}}
[debug] [2021-02-12T22:50:57.219Z] [worker-pool] Adding worker with key ~diagnostic~, total=1 {"metadata":{"emulator":{"name":"functions"},"message":"[worker-pool] Adding worker with key ~diagnostic~, total=1"}}
[debug] [2021-02-12T22:50:57.220Z] [worker-pool] submitWork(triggerId=) {"metadata":{"emulator":{"name":"functions"},"message":"[worker-pool] submitWork(triggerId=)"}}
[debug] [2021-02-12T22:50:57.220Z] [worker-~diagnostic~-9ff09e9f-7a00-4be7-bee2-703c6cf58386]: Assigning socketPath: \\?\pipe\C:\Users\Fabian\Desktop\Work\url-shortener\functions\13796 {"metadata":{"emulator":{"name":"functions"},"message":"[worker-~diagnostic~-9ff09e9f-7a00-4be7-bee2-703c6cf58386]: Assigning socketPath: \\\\?\\pipe\\C:\\Users\\Fabian\\Desktop\\Work\\url-shortener\\functions\\13796"}}
[debug] [2021-02-12T22:50:57.220Z] [worker-~diagnostic~-9ff09e9f-7a00-4be7-bee2-703c6cf58386]: BUSY {"metadata":{"emulator":{"name":"functions"},"message":"[worker-~diagnostic~-9ff09e9f-7a00-4be7-bee2-703c6cf58386]: BUSY"}}
[debug] [2021-02-12T22:50:57.366Z] [runtime-status] [13796] Functions runtime initialized. {"cwd":"C:\\Users\\Fabian\\Desktop\\Work\\url-shortener\\functions","node_version":"14.15.4"} {"metadata":{"emulator":{"name":"functions"},"message":"[runtime-status] [13796] Functions runtime initialized. {\"cwd\":\"C:\\\\Users\\\\Fabian\\\\Desktop\\\\Work\\\\url-shortener\\\\functions\",\"node_version\":\"14.15.4\"}"}}
[debug] [2021-02-12T22:50:57.367Z] [runtime-status] [13796] Disabled runtime features: undefined {"metadata":{"emulator":{"name":"functions"},"message":"[runtime-status] [13796] Disabled runtime features: undefined"}}
[debug] [2021-02-12T22:50:57.370Z] [runtime-status] [13796] Resolved module firebase-admin {"declared":true,"installed":true,"version":"9.4.2","resolution":"C:\\Users\\Fabian\\Desktop\\Work\\url-shortener\\functions\\node_modules\\firebase-admin\\lib\\index.js"} {"metadata":{"emulator":{"name":"functions"},"message":"[runtime-status] [13796] Resolved module firebase-admin {\"declared\":true,\"installed\":true,\"version\":\"9.4.2\",\"resolution\":\"C:\\\\Users\\\\Fabian\\\\Desktop\\\\Work\\\\url-shortener\\\\functions\\\\node_modules\\\\firebase-admin\\\\lib\\\\index.js\"}"}}
[debug] [2021-02-12T22:50:57.371Z] [runtime-status] [13796] Resolved module firebase-functions {"declared":true,"installed":true,"version":"3.13.1","resolution":"C:\\Users\\Fabian\\Desktop\\Work\\url-shortener\\functions\\node_modules\\firebase-functions\\lib\\index.js"} {"metadata":{"emulator":{"name":"functions"},"message":"[runtime-status] [13796] Resolved module firebase-functions {\"declared\":true,\"installed\":true,\"version\":\"3.13.1\",\"resolution\":\"C:\\\\Users\\\\Fabian\\\\Desktop\\\\Work\\\\url-shortener\\\\functions\\\\node_modules\\\\firebase-functions\\\\lib\\\\index.js\"}"}}
[debug] [2021-02-12T22:50:57.372Z] [runtime-status] [13796] Resolved module firebase-functions {"declared":true,"installed":true,"version":"3.13.1","resolution":"C:\\Users\\Fabian\\Desktop\\Work\\url-shortener\\functions\\node_modules\\firebase-functions\\lib\\index.js"} {"metadata":{"emulator":{"name":"functions"},"message":"[runtime-status] [13796] Resolved module firebase-functions {\"declared\":true,\"installed\":true,\"version\":\"3.13.1\",\"resolution\":\"C:\\\\Users\\\\Fabian\\\\Desktop\\\\Work\\\\url-shortener\\\\functions\\\\node_modules\\\\firebase-functions\\\\lib\\\\index.js\"}"}}
[debug] [2021-02-12T22:50:57.373Z] [runtime-status] [13796] Outgoing network have been stubbed. [{"name":"http","status":"mocked"},{"name":"http","status":"mocked"},{"name":"https","status":"mocked"},{"name":"https","status":"mocked"},{"name":"net","status":"mocked"}] {"metadata":{"emulator":{"name":"functions"},"message":"[runtime-status] [13796] Outgoing network have been stubbed. [{\"name\":\"http\",\"status\":\"mocked\"},{\"name\":\"http\",\"status\":\"mocked\"},{\"name\":\"https\",\"status\":\"mocked\"},{\"name\":\"https\",\"status\":\"mocked\"},{\"name\":\"net\",\"status\":\"mocked\"}]"}}
[debug] [2021-02-12T22:50:57.373Z] [runtime-status] [13796] Resolved module firebase-functions {"declared":true,"installed":true,"version":"3.13.1","resolution":"C:\\Users\\Fabian\\Desktop\\Work\\url-shortener\\functions\\node_modules\\firebase-functions\\lib\\index.js"} {"metadata":{"emulator":{"name":"functions"},"message":"[runtime-status] [13796] Resolved module firebase-functions {\"declared\":true,\"installed\":true,\"version\":\"3.13.1\",\"resolution\":\"C:\\\\Users\\\\Fabian\\\\Desktop\\\\Work\\\\url-shortener\\\\functions\\\\node_modules\\\\firebase-functions\\\\lib\\\\index.js\"}"}}
[debug] [2021-02-12T22:50:57.409Z] [runtime-status] [13796] Checked functions.config() {"config":{}} {"metadata":{"emulator":{"name":"functions"},"message":"[runtime-status] [13796] Checked functions.config() {\"config\":{}}"}}
[debug] [2021-02-12T22:50:57.409Z] [runtime-status] [13796] firebase-functions has been stubbed. {"functionsResolution":{"declared":true,"installed":true,"version":"3.13.1","resolution":"C:\\Users\\Fabian\\Desktop\\Work\\url-shortener\\functions\\node_modules\\firebase-functions\\lib\\index.js"}} {"metadata":{"emulator":{"name":"functions"},"message":"[runtime-status] [13796] firebase-functions has been stubbed. {\"functionsResolution\":{\"declared\":true,\"installed\":true,\"version\":\"3.13.1\",\"resolution\":\"C:\\\\Users\\\\Fabian\\\\Desktop\\\\Work\\\\url-shortener\\\\functions\\\\node_modules\\\\firebase-functions\\\\lib\\\\index.js\"}}"}}
[debug] [2021-02-12T22:50:57.409Z] [runtime-status] [13796] Resolved module firebase-functions {"declared":true,"installed":true,"version":"3.13.1","resolution":"C:\\Users\\Fabian\\Desktop\\Work\\url-shortener\\functions\\node_modules\\firebase-functions\\lib\\index.js"} {"metadata":{"emulator":{"name":"functions"},"message":"[runtime-status] [13796] Resolved module firebase-functions {\"declared\":true,\"installed\":true,\"version\":\"3.13.1\",\"resolution\":\"C:\\\\Users\\\\Fabian\\\\Desktop\\\\Work\\\\url-shortener\\\\functions\\\\node_modules\\\\firebase-functions\\\\lib\\\\index.js\"}"}}
[debug] [2021-02-12T22:50:57.410Z] [runtime-status] [13796] Resolved module firebase-admin {"declared":true,"installed":true,"version":"9.4.2","resolution":"C:\\Users\\Fabian\\Desktop\\Work\\url-shortener\\functions\\node_modules\\firebase-admin\\lib\\index.js"} {"metadata":{"emulator":{"name":"functions"},"message":"[runtime-status] [13796] Resolved module firebase-admin {\"declared\":true,\"installed\":true,\"version\":\"9.4.2\",\"resolution\":\"C:\\\\Users\\\\Fabian\\\\Desktop\\\\Work\\\\url-shortener\\\\functions\\\\node_modules\\\\firebase-admin\\\\lib\\\\index.js\"}"}}
[debug] [2021-02-12T22:50:57.410Z] [runtime-status] [13796] Resolved module firebase-functions {"declared":true,"installed":true,"version":"3.13.1","resolution":"C:\\Users\\Fabian\\Desktop\\Work\\url-shortener\\functions\\node_modules\\firebase-functions\\lib\\index.js"} {"metadata":{"emulator":{"name":"functions"},"message":"[runtime-status] [13796] Resolved module firebase-functions {\"declared\":true,\"installed\":true,\"version\":\"3.13.1\",\"resolution\":\"C:\\\\Users\\\\Fabian\\\\Desktop\\\\Work\\\\url-shortener\\\\functions\\\\node_modules\\\\firebase-functions\\\\lib\\\\index.js\"}"}}
[debug] [2021-02-12T22:50:57.410Z] [runtime-status] [13796] firebase-admin has been stubbed. {"adminResolution":{"declared":true,"installed":true,"version":"9.4.2","resolution":"C:\\Users\\Fabian\\Desktop\\Work\\url-shortener\\functions\\node_modules\\firebase-admin\\lib\\index.js"}} {"metadata":{"emulator":{"name":"functions"},"message":"[runtime-status] [13796] firebase-admin has been stubbed. {\"adminResolution\":{\"declared\":true,\"installed\":true,\"version\":\"9.4.2\",\"resolution\":\"C:\\\\Users\\\\Fabian\\\\Desktop\\\\Work\\\\url-shortener\\\\functions\\\\node_modules\\\\firebase-admin\\\\lib\\\\index.js\"}}"}}
[info] +  functions[app]: http function initialized (http://localhost:5001/pagueporver/us-central1/app). {"metadata":{"emulator":{"name":"functions"},"message":"\u001b[1mhttp\u001b[22m function initialized (http://localhost:5001/pagueporver/us-central1/app)."}}
[info] 
┌─────────────────────────────────────────────────────────────┐
│ ✔  All emulators ready! It is now safe to connect your app. │
│ i  View Emulator UI at http://localhost:4000                │
└─────────────────────────────────────────────────────────────┘

┌───────────┬────────────────┬─────────────────────────────────┐
│ Emulator  │ Host:Port      │ View in Emulator UI             │
├───────────┼────────────────┼─────────────────────────────────┤
│ Functions │ localhost:5001 │ http://localhost:4000/functions │
└───────────┴────────────────┴─────────────────────────────────┘
  Emulator Hub running at localhost:4400
  Other reserved ports: 4500

Issues? Report them at https://github.com/firebase/firebase-tools/issues and attach the *-debug.log files.
 
[debug] [2021-02-12T22:50:57.824Z] [worker-~diagnostic~-9ff09e9f-7a00-4be7-bee2-703c6cf58386]: IDLE {"metadata":{"emulator":{"name":"functions"},"message":"[worker-~diagnostic~-9ff09e9f-7a00-4be7-bee2-703c6cf58386]: IDLE"}}
[debug] [2021-02-12T22:51:07.084Z] [work-queue] {"queueLength":1,"workRunningCount":0}
[debug] [2021-02-12T22:51:07.085Z] [work-queue] {"queueLength":0,"workRunningCount":1}
[debug] [2021-02-12T22:51:07.085Z] Accepted request GET /pagueporver/us-central1/app/all-url --> app
[debug] [2021-02-12T22:51:07.416Z] [worker-pool] addWorker(app) {"metadata":{"emulator":{"name":"functions"},"message":"[worker-pool] addWorker(app)"}}
[debug] [2021-02-12T22:51:07.416Z] [worker-pool] Adding worker with key app, total=1 {"metadata":{"emulator":{"name":"functions"},"message":"[worker-pool] Adding worker with key app, total=1"}}
[debug] [2021-02-12T22:51:07.416Z] [worker-pool] submitWork(triggerId=app) {"metadata":{"emulator":{"name":"functions"},"message":"[worker-pool] submitWork(triggerId=app)"}}
[debug] [2021-02-12T22:51:07.416Z] [worker-app-e7d2c060-6eaf-4ed1-b060-895711639521]: Assigning socketPath: \\?\pipe\C:\Users\Fabian\Desktop\Work\url-shortener\functions\9556 {"metadata":{"emulator":{"name":"functions"},"message":"[worker-app-e7d2c060-6eaf-4ed1-b060-895711639521]: Assigning socketPath: \\\\?\\pipe\\C:\\Users\\Fabian\\Desktop\\Work\\url-shortener\\functions\\9556"}}
[debug] [2021-02-12T22:51:07.416Z] [worker-app-e7d2c060-6eaf-4ed1-b060-895711639521]: BUSY {"metadata":{"emulator":{"name":"functions"},"message":"[worker-app-e7d2c060-6eaf-4ed1-b060-895711639521]: BUSY"}}
[debug] [2021-02-12T22:51:07.565Z] [runtime-status] [9556] Functions runtime initialized. {"cwd":"C:\\Users\\Fabian\\Desktop\\Work\\url-shortener\\functions","node_version":"14.15.4"} {"metadata":{"emulator":{"name":"functions"},"function":{"name":"app"},"message":"[runtime-status] [9556] Functions runtime initialized. {\"cwd\":\"C:\\\\Users\\\\Fabian\\\\Desktop\\\\Work\\\\url-shortener\\\\functions\",\"node_version\":\"14.15.4\"}"}}
[debug] [2021-02-12T22:51:07.567Z] [runtime-status] [9556] Disabled runtime features: undefined {"metadata":{"emulator":{"name":"functions"},"function":{"name":"app"},"message":"[runtime-status] [9556] Disabled runtime features: undefined"}}
[debug] [2021-02-12T22:51:07.569Z] [runtime-status] [9556] Resolved module firebase-admin {"declared":true,"installed":true,"version":"9.4.2","resolution":"C:\\Users\\Fabian\\Desktop\\Work\\url-shortener\\functions\\node_modules\\firebase-admin\\lib\\index.js"} {"metadata":{"emulator":{"name":"functions"},"function":{"name":"app"},"message":"[runtime-status] [9556] Resolved module firebase-admin {\"declared\":true,\"installed\":true,\"version\":\"9.4.2\",\"resolution\":\"C:\\\\Users\\\\Fabian\\\\Desktop\\\\Work\\\\url-shortener\\\\functions\\\\node_modules\\\\firebase-admin\\\\lib\\\\index.js\"}"}}
[debug] [2021-02-12T22:51:07.570Z] [runtime-status] [9556] Resolved module firebase-functions {"declared":true,"installed":true,"version":"3.13.1","resolution":"C:\\Users\\Fabian\\Desktop\\Work\\url-shortener\\functions\\node_modules\\firebase-functions\\lib\\index.js"} {"metadata":{"emulator":{"name":"functions"},"function":{"name":"app"},"message":"[runtime-status] [9556] Resolved module firebase-functions {\"declared\":true,\"installed\":true,\"version\":\"3.13.1\",\"resolution\":\"C:\\\\Users\\\\Fabian\\\\Desktop\\\\Work\\\\url-shortener\\\\functions\\\\node_modules\\\\firebase-functions\\\\lib\\\\index.js\"}"}}
[debug] [2021-02-12T22:51:07.571Z] [runtime-status] [9556] Resolved module firebase-functions {"declared":true,"installed":true,"version":"3.13.1","resolution":"C:\\Users\\Fabian\\Desktop\\Work\\url-shortener\\functions\\node_modules\\firebase-functions\\lib\\index.js"} {"metadata":{"emulator":{"name":"functions"},"function":{"name":"app"},"message":"[runtime-status] [9556] Resolved module firebase-functions {\"declared\":true,\"installed\":true,\"version\":\"3.13.1\",\"resolution\":\"C:\\\\Users\\\\Fabian\\\\Desktop\\\\Work\\\\url-shortener\\\\functions\\\\node_modules\\\\firebase-functions\\\\lib\\\\index.js\"}"}}
[debug] [2021-02-12T22:51:07.572Z] [runtime-status] [9556] Outgoing network have been stubbed. [{"name":"http","status":"mocked"},{"name":"http","status":"mocked"},{"name":"https","status":"mocked"},{"name":"https","status":"mocked"},{"name":"net","status":"mocked"}] {"metadata":{"emulator":{"name":"functions"},"function":{"name":"app"},"message":"[runtime-status] [9556] Outgoing network have been stubbed. [{\"name\":\"http\",\"status\":\"mocked\"},{\"name\":\"http\",\"status\":\"mocked\"},{\"name\":\"https\",\"status\":\"mocked\"},{\"name\":\"https\",\"status\":\"mocked\"},{\"name\":\"net\",\"status\":\"mocked\"}]"}}
[debug] [2021-02-12T22:51:07.573Z] [runtime-status] [9556] Resolved module firebase-functions {"declared":true,"installed":true,"version":"3.13.1","resolution":"C:\\Users\\Fabian\\Desktop\\Work\\url-shortener\\functions\\node_modules\\firebase-functions\\lib\\index.js"} {"metadata":{"emulator":{"name":"functions"},"function":{"name":"app"},"message":"[runtime-status] [9556] Resolved module firebase-functions {\"declared\":true,\"installed\":true,\"version\":\"3.13.1\",\"resolution\":\"C:\\\\Users\\\\Fabian\\\\Desktop\\\\Work\\\\url-shortener\\\\functions\\\\node_modules\\\\firebase-functions\\\\lib\\\\index.js\"}"}}
[debug] [2021-02-12T22:51:07.606Z] [runtime-status] [9556] Checked functions.config() {"config":{}} {"metadata":{"emulator":{"name":"functions"},"function":{"name":"app"},"message":"[runtime-status] [9556] Checked functions.config() {\"config\":{}}"}}
[debug] [2021-02-12T22:51:07.606Z] [runtime-status] [9556] firebase-functions has been stubbed. {"functionsResolution":{"declared":true,"installed":true,"version":"3.13.1","resolution":"C:\\Users\\Fabian\\Desktop\\Work\\url-shortener\\functions\\node_modules\\firebase-functions\\lib\\index.js"}} {"metadata":{"emulator":{"name":"functions"},"function":{"name":"app"},"message":"[runtime-status] [9556] firebase-functions has been stubbed. {\"functionsResolution\":{\"declared\":true,\"installed\":true,\"version\":\"3.13.1\",\"resolution\":\"C:\\\\Users\\\\Fabian\\\\Desktop\\\\Work\\\\url-shortener\\\\functions\\\\node_modules\\\\firebase-functions\\\\lib\\\\index.js\"}}"}}
[debug] [2021-02-12T22:51:07.606Z] [runtime-status] [9556] Resolved module firebase-functions {"declared":true,"installed":true,"version":"3.13.1","resolution":"C:\\Users\\Fabian\\Desktop\\Work\\url-shortener\\functions\\node_modules\\firebase-functions\\lib\\index.js"} {"metadata":{"emulator":{"name":"functions"},"function":{"name":"app"},"message":"[runtime-status] [9556] Resolved module firebase-functions {\"declared\":true,\"installed\":true,\"version\":\"3.13.1\",\"resolution\":\"C:\\\\Users\\\\Fabian\\\\Desktop\\\\Work\\\\url-shortener\\\\functions\\\\node_modules\\\\firebase-functions\\\\lib\\\\index.js\"}"}}
[debug] [2021-02-12T22:51:07.607Z] [runtime-status] [9556] Resolved module firebase-admin {"declared":true,"installed":true,"version":"9.4.2","resolution":"C:\\Users\\Fabian\\Desktop\\Work\\url-shortener\\functions\\node_modules\\firebase-admin\\lib\\index.js"} {"metadata":{"emulator":{"name":"functions"},"function":{"name":"app"},"message":"[runtime-status] [9556] Resolved module firebase-admin {\"declared\":true,\"installed\":true,\"version\":\"9.4.2\",\"resolution\":\"C:\\\\Users\\\\Fabian\\\\Desktop\\\\Work\\\\url-shortener\\\\functions\\\\node_modules\\\\firebase-admin\\\\lib\\\\index.js\"}"}}
[debug] [2021-02-12T22:51:07.608Z] [runtime-status] [9556] Resolved module firebase-functions {"declared":true,"installed":true,"version":"3.13.1","resolution":"C:\\Users\\Fabian\\Desktop\\Work\\url-shortener\\functions\\node_modules\\firebase-functions\\lib\\index.js"} {"metadata":{"emulator":{"name":"functions"},"function":{"name":"app"},"message":"[runtime-status] [9556] Resolved module firebase-functions {\"declared\":true,\"installed\":true,\"version\":\"3.13.1\",\"resolution\":\"C:\\\\Users\\\\Fabian\\\\Desktop\\\\Work\\\\url-shortener\\\\functions\\\\node_modules\\\\firebase-functions\\\\lib\\\\index.js\"}"}}
[debug] [2021-02-12T22:51:07.608Z] [runtime-status] [9556] firebase-admin has been stubbed. {"adminResolution":{"declared":true,"installed":true,"version":"9.4.2","resolution":"C:\\Users\\Fabian\\Desktop\\Work\\url-shortener\\functions\\node_modules\\firebase-admin\\lib\\index.js"}} {"metadata":{"emulator":{"name":"functions"},"function":{"name":"app"},"message":"[runtime-status] [9556] firebase-admin has been stubbed. {\"adminResolution\":{\"declared\":true,\"installed\":true,\"version\":\"9.4.2\",\"resolution\":\"C:\\\\Users\\\\Fabian\\\\Desktop\\\\Work\\\\url-shortener\\\\functions\\\\node_modules\\\\firebase-admin\\\\lib\\\\index.js\"}}"}}
[debug] [2021-02-12T22:51:08.018Z] [runtime-status] [9556] Trigger "app" has been found, beginning invocation! {"metadata":{"emulator":{"name":"functions"},"function":{"name":"app"},"message":"[runtime-status] [9556] Trigger \"app\" has been found, beginning invocation!"}}
[info] i  functions: Beginning execution of "app" {"metadata":{"emulator":{"name":"functions"},"function":{"name":"app"},"message":"Beginning execution of \"app\""}}
[debug] [2021-02-12T22:51:08.020Z] [runtime-status] [9556] triggerDefinition {"availableMemoryMb":1024,"httpsTrigger":{},"name":"app","entryPoint":"app"} {"metadata":{"emulator":{"name":"functions"},"function":{"name":"app"},"message":"[runtime-status] [9556] triggerDefinition {\"availableMemoryMb\":1024,\"httpsTrigger\":{},\"name\":\"app\",\"entryPoint\":\"app\"}"}}
[debug] [2021-02-12T22:51:08.020Z] [runtime-status] [9556] Running app in mode HTTPS {"metadata":{"emulator":{"name":"functions"},"function":{"name":"app"},"message":"[runtime-status] [9556] Running app in mode HTTPS"}}
[debug] [2021-02-12T22:51:08.021Z] [runtime-status] [9556] Attempting to listen to socketPath: \\?\pipe\C:\Users\Fabian\Desktop\Work\url-shortener\functions\9556 {"metadata":{"emulator":{"name":"functions"},"function":{"name":"app"},"message":"[runtime-status] [9556] Attempting to listen to socketPath: \\\\?\\pipe\\C:\\Users\\Fabian\\Desktop\\Work\\url-shortener\\functions\\9556"}}
[debug] [2021-02-12T22:51:08.023Z] [functions] Runtime ready! Sending request! {"metadata":{"emulator":{"name":"functions"},"message":"[functions] Runtime ready! Sending request!"}}
[debug] [2021-02-12T22:51:08.023Z] [functions] Got req.url=/pagueporver/us-central1/app/all-url, mapping to path=/all-url {"metadata":{"emulator":{"name":"functions"},"message":"[functions] Got req.url=/pagueporver/us-central1/app/all-url, mapping to path=/all-url"}}
[debug] [2021-02-12T22:51:08.029Z] [runtime-status] [9556] Ephemeral server handling GET request {"metadata":{"emulator":{"name":"functions"},"function":{"name":"app"},"message":"[runtime-status] [9556] Ephemeral server handling GET request"}}
[debug] [2021-02-12T22:51:08.035Z] [runtime-status] [9556] Ephemeral server survived. {"metadata":{"emulator":{"name":"functions"},"function":{"name":"app"},"message":"[runtime-status] [9556] Ephemeral server survived."}}
[info] i  functions: Finished "app" in ~1s {"metadata":{"emulator":{"name":"functions"},"function":{"name":"app"},"message":"Finished \"app\" in ~1s"}}
[debug] [2021-02-12T22:51:08.622Z] [worker-app-e7d2c060-6eaf-4ed1-b060-895711639521]: IDLE {"metadata":{"emulator":{"name":"functions"},"message":"[worker-app-e7d2c060-6eaf-4ed1-b060-895711639521]: IDLE"}}
[debug] [2021-02-12T22:51:08.622Z] [work-queue] {"queueLength":0,"workRunningCount":0}
